hp-check[91710]: info: :
hp-check[91710]: info: :[01mHP Linux Imaging and Printing System (ver. 3.21.2)[0m
hp-check[91710]: info: :[01mDependency/Version Check Utility ver. 15.1[0m
hp-check[91710]: info: :
hp-check[91710]: info: :Copyright (c) 2001-18 HP Development Company, LP
hp-check[91710]: info: :This software comes with ABSOLUTELY NO WARRANTY.
hp-check[91710]: info: :This is free software, and you are welcome to distribute it
hp-check[91710]: info: :under certain conditions. See COPYING file for more details.
hp-check[91710]: info: :
hp-check[91710]: info: :[01mNote: hp-check can be run in three modes:[0m
hp-check[91710]: info: :1. Compile-time check mode (-c or --compile): Use this mode before compiling the HPLIP supplied tarball (.tar.gz or .run) to determine  
hp-check[91710]: info: :if the proper dependencies are installed to successfully compile HPLIP.                                                                 
hp-check[91710]: info: :2. Run-time check mode (-r or --run): Use this mode to determine if a distro supplied package (.deb, .rpm, etc) or an already built     
hp-check[91710]: info: :HPLIP supplied tarball has the proper dependencies installed to successfully run.                                                       
hp-check[91710]: info: :3. Both compile- and run-time check mode (-b or --both) (Default): This mode will check both of the above cases (both compile- and      
hp-check[91710]: info: :run-time dependencies).                                                                                                                 
hp-check[91710]: info: :
hp-check[91710]: info: :Check types:                                                                                                                            
hp-check[91710]: info: :a. EXTERNALDEP - External Dependencies                                                                                                  
hp-check[91710]: info: :b. GENERALDEP - General Dependencies (required both at compile and run time)                                                            
hp-check[91710]: info: :c. COMPILEDEP - Compile time Dependencies                                                                                               
hp-check[91710]: info: :d. [All are run-time checks]                                                                                                            
hp-check[91710]: info: :PYEXT SCANCONF QUEUES PERMISSION                                                                                                        
hp-check[91710]: info: :
hp-check[91710]: info: :Status Types:
hp-check[91710]: info: :    OK
hp-check[91710]: info: :    MISSING       - Missing Dependency or Permission or Plug-in
hp-check[91710]: info: :    INCOMPAT      - Incompatible dependency-version or Plugin-version
hp-check[91710]: info: :
warning: parrot distro is not found in AUTH_TYPES
warning: [01munknown-5.2 version is not supported. Using unknown-0 versions dependencies to verify and install...[0m
hp-check[91710]: info: :
hp-check[91710]: info: :---------------
hp-check[91710]: info: :| SYSTEM INFO |
hp-check[91710]: info: :---------------
hp-check[91710]: info: :
hp-check[91710]: info: : Kernel: 6.0.0-12parrot1-amd64 #1 SMP PREEMPT_DYNAMIC Debian 6.0.12-1parrot1 (2023-01-12) GNU/Linux
 Host: cyberscream-edc
 Proc: 6.0.0-12parrot1-amd64 #1 SMP PREEMPT_DYNAMIC Debian 6.0.12-1parrot1 (2023-01-12) GNU/Linux
 Distribution: unknown 5.2
hp-check[91710]: info: : Bitness: 64 bit

hp-check[91710]: info: :
hp-check[91710]: info: :-----------------------
hp-check[91710]: info: :| HPLIP CONFIGURATION |
hp-check[91710]: info: :-----------------------
hp-check[91710]: info: :
hp-check[91710]: info: :HPLIP-Version: HPLIP 3.21.2
hp-check[91710]: info: :HPLIP-Home: /usr/share/hplip
warning: HPLIP-Installation: Auto installation is not supported for unknown distro  5.2 version 
hp-check[91710]: info: :
hp-check[91710]: info: :[01mCurrent contents of '/etc/hp/hplip.conf' file:[0m
hp-check[91710]: info: :# hplip.conf.  Generated from hplip.conf.in by configure.

[hplip]
version=3.21.2

[dirs]
home=/usr/share/hplip
run=/var/run
ppd=/usr/share/ppd/hplip/HP
ppdbase=/usr/share/ppd/hplip
doc=/usr/share/doc/hplip
html=/usr/share/doc/hplip-doc
icon=no
cupsbackend=/usr/lib/cups/backend
cupsfilter=/usr/lib/cups/filter
drv=/usr/share/cups/drv
bin=/usr/bin
apparmor=/etc/apparmor.d
# Following values are determined at configure time and cannot be changed.
[configure]
network-build=yes
libusb01-build=no
pp-build=no
gui-build=yes
scanner-build=yes
fax-build=yes
dbus-build=yes
cups11-build=no
doc-build=yes
shadow-build=no
hpijs-install=yes
foomatic-drv-install=yes
foomatic-ppd-install=no
foomatic-rip-hplip-install=no
hpcups-install=yes
cups-drv-install=yes
cups-ppd-install=no
internal-tag=3.21.2
restricted-build=no
ui-toolkit=qt5
qt3=no
qt4=no
qt5=yes
policy-kit=yes
lite-build=no
udev_sysfs_rules=no
hpcups-only-build=no
hpijs-only-build=no
apparmor_build=no
class-driver=no

hp-check[91710]: info: :
hp-check[91710]: info: :[01mCurrent contents of '/var/lib/hp/hplip.state' file:[0m
hp-check[91710]: info: :Plugins are not installed. Could not access file: No such file or directory
hp-check[91710]: info: :
hp-check[91710]: info: :[01mCurrent contents of '~/.hplip/hplip.conf' file:[0m
hp-check[91710]: info: :[installation]
date_time = 04/25/23 10:03:24
version = 3.21.2

[last_used]
device_uri = hp:/net/ENVY_6000_series?ip=192.168.1.100


hp-check[91710]: info: : <Package-name>        <Package-Desc>      <Required/Optional> <Min-Version> <Installed-Version> <Status>   <Comment>
hp-check[91710]: info: :
hp-check[91710]: info: :-------------------------
hp-check[91710]: info: :| External Dependencies |
hp-check[91710]: info: :-------------------------
hp-check[91710]: info: :
hp-check[91710]: info: :[31;01m error: cups          CUPS - Common Unix Printing System                           REQUIRED        1.1             -               INCOMPAT   'CUPS may not be installed or not running'[0m
hp-check[91710]: info: : gs                   GhostScript - PostScript and PDF language interpreter and previewer REQUIRED        7.05            9.53.3          OK         -
hp-check[91710]: info: :[31;01m error: xsane         xsane - Graphical scanner frontend for SANE                  OPTIONAL        0.9             -               MISSING    'xsane needs to be installed'[0m
hp-check[91710]: info: : scanimage            scanimage - Shell scanning program                           OPTIONAL        1.0             1.0.31          OK         -
hp-check[91710]: info: : dbus                 DBus - Message bus system                                    REQUIRED        -               1.12.24         OK         -
hp-check[91710]: info: : policykit            PolicyKit - Administrative policy framework                  OPTIONAL        -               0.105           OK         -
hp-check[91710]: info: : network              network -wget                                                OPTIONAL        -               1.21            OK         -
hp-check[91710]: info: :[31;01m error: avahi-utils   avahi-utils                                                  OPTIONAL        -               -               MISSING    'avahi-utils needs to be installed'[0m
hp-check[91710]: info: :
hp-check[91710]: info: :------------------------
hp-check[91710]: info: :| General Dependencies |
hp-check[91710]: info: :------------------------
hp-check[91710]: info: :
hp-check[91710]: info: : libjpeg              libjpeg - JPEG library                                       REQUIRED        -               -               OK         -
hp-check[91710]: info: :[31;01m error: cups-devel    CUPS devel- Common Unix Printing System development files    REQUIRED        -               -               MISSING    'cups-devel needs to be installed'[0m
hp-check[91710]: info: :[31;01m error: cups-image    CUPS image - CUPS image development files                    REQUIRED        -               -               MISSING    'cups-image needs to be installed'[0m
hp-check[91710]: info: : libpthread           libpthread - POSIX threads library                           REQUIRED        -               b'2.31'         OK         -
hp-check[91710]: info: :[31;01m error: libusb        libusb - USB library                                         REQUIRED        -               1.0             MISSING    'libusb needs to be installed'[0m
hp-check[91710]: info: : sane                 SANE - Scanning library                                      REQUIRED        -               -               OK         -
hp-check[91710]: info: :[31;01m error: sane-devel    SANE - Scanning library development files                    REQUIRED        -               -               MISSING    'sane-devel needs to be installed'[0m
hp-check[91710]: info: :[31;01m error: libavahi-dev  libavahi-dev                                                 REQUIRED        -               -               MISSING    'libavahi-dev needs to be installed'[0m
hp-check[91710]: info: :[31;01m error: libnetsnmp-devel libnetsnmp-devel - SNMP networking library development files REQUIRED        5.0.9           -               MISSING    'libnetsnmp-devel needs to be installed'[0m
hp-check[91710]: info: : libcrypto            libcrypto - OpenSSL cryptographic library                    REQUIRED        -               1.1.1           OK         -
hp-check[91710]: info: : python3X             Python 2.2 or greater - Python programming language          REQUIRED        2.2             3.9.2           OK         -
hp-check[91710]: info: :[31;01m error: python3-notify2 Python libnotify - Python bindings for the libnotify Desktop notifications OPTIONAL        -               -               MISSING    'python3-notify2 needs to be installed'[0m
hp-check[91710]: info: :[31;01m error: python3-pyqt4-dbus PyQt 4 DBus - DBus Support for PyQt4                         OPTIONAL        4.0             -               MISSING    'python3-pyqt4-dbus needs to be installed'[0m
hp-check[91710]: info: :[31;01m error: python3-pyqt4 PyQt 4- Qt interface for Python (for Qt version 4.x)         REQUIRED        4.0             -               MISSING    'python3-pyqt4 needs to be installed'[0m
hp-check[91710]: info: : python3-dbus         Python DBus - Python bindings for DBus                       REQUIRED        0.80.0          1.2.16          OK         -
hp-check[91710]: info: : python3-xml          Python XML libraries                                         REQUIRED        -               2.2.10          OK         -
hp-check[91710]: info: : python3-devel        Python devel - Python development files                      REQUIRED        2.2             3.9.2           OK         -
hp-check[91710]: info: : python3-pil          PIL - Python Imaging Library (required for commandline scanning with hp-scan) OPTIONAL        -               9.4.0           OK         -
hp-check[91710]: info: : python3-reportlab    Reportlab - PDF library for Python                           OPTIONAL        2.0             3.5.59          OK         -
hp-check[91710]: info: :
hp-check[91710]: info: :--------------
hp-check[91710]: info: :| COMPILEDEP |
hp-check[91710]: info: :--------------
hp-check[91710]: info: :
hp-check[91710]: info: : libtool              libtool - Library building support services                  REQUIRED        -               2.4.6           OK         -
hp-check[91710]: info: : gcc                  gcc - GNU Project C and C++ Compiler                         REQUIRED        -               10.2.1          OK         -
hp-check[91710]: info: : make                 make - GNU make utility to maintain groups of programs       REQUIRED        3.0             4.3             OK         -
hp-check[91710]: info: :
hp-check[91710]: info: :---------------------
hp-check[91710]: info: :| Python Extentions |
hp-check[91710]: info: :---------------------
hp-check[91710]: info: :
hp-check[91710]: info: : cupsext              CUPS-Extension                                               REQUIRED        -               3.21.2          OK         -
hp-check[91710]: info: : hpmudext             IO-Extension                                                 REQUIRED        -               3.21.2          OK         -
hp-check[91710]: info: :
hp-check[91710]: info: :----------------------
hp-check[91710]: info: :| Scan Configuration |
hp-check[91710]: info: :----------------------
hp-check[91710]: info: :
hp-check[91710]: info: :'/etc/sane.d/dll.d/hpaio' not found.
hp-check[91710]: info: : hpaio                HPLIP-SANE-Backend                                           REQUIRED        -               3.21.2          OK         'hpaio found in /etc/sane.d/dll.conf'
hp-check[91710]: info: : scanext              Scan-SANE-Extension                                          REQUIRED        -               3.21.2          OK         -
hp-check[91710]: info: :
hp-check[91710]: info: :------------------------------
hp-check[91710]: info: :| DISCOVERED SCANNER DEVICES |
hp-check[91710]: info: :------------------------------
hp-check[91710]: info: :
hp-check[91710]: info: :device `hpaio:/net/ENVY_6000_series?ip=192.168.1.100' is a Hewlett-Packard ENVY_6000_series all-in-one

hp-check[91710]: info: :
hp-check[91710]: info: :--------------------------
hp-check[91710]: info: :| DISCOVERED USB DEVICES |
hp-check[91710]: info: :--------------------------
hp-check[91710]: info: :
hp-check[91710]: info: :No devices found.
hp-check[91710]: info: :
hp-check[91710]: info: :---------------------------------
hp-check[91710]: info: :| INSTALLED CUPS PRINTER QUEUES |
hp-check[91710]: info: :---------------------------------
hp-check[91710]: info: :
hp-check[91710]: info: :
hp-check[91710]: info: :[01mHP-ENVY-6000-series[0m
hp-check[91710]: info: :[01m-------------------[0m
hp-check[91710]: info: :Type: Printer
hp-check[91710]: info: :Device URI: hp:/net/ENVY_6000_series?ip=192.168.1.100
hp-check[91710]: info: :PPD: /etc/cups/ppd/HP-ENVY-6000-series.ppd
warning: Failed to read /etc/cups/ppd/HP-ENVY-6000-series.ppd ppd file
hp-check[91710]: info: :PPD Description: 
hp-check[91710]: info: :Printer status: la impresora HP-ENVY-6000-series está deshabilitada desde mar 25 abr 2023 09:58:07 -	Backend /usr/lib/cups/backend/hp does not exist!
hp-check[91710]: info: :Communication status: Good
hp-check[91710]: info: :
hp-check[91710]: info: :
hp-check[91710]: info: :--------------
hp-check[91710]: info: :| PERMISSION |
hp-check[91710]: info: :--------------
hp-check[91710]: info: :
hp-check[91710]: info: :
hp-check[91710]: info: :-----------
hp-check[91710]: info: :| SUMMARY |
hp-check[91710]: info: :-----------
hp-check[91710]: info: :
hp-check[91710]: info: :[01mMissing Required Dependencies[0m
hp-check[91710]: info: :[01m-----------------------------[0m
hp-check[91710]: info: :None
hp-check[91710]: info: :
hp-check[91710]: info: :[01mMissing Optional Dependencies[0m
hp-check[91710]: info: :[01m-----------------------------[0m
hp-check[91710]: info: :None

hp-check[91710]: info: :
hp-check[91710]: info: :Total Errors: 12
hp-check[91710]: info: :Total Warnings: 0
hp-check[91710]: info: :
hp-check[91710]: info: :
hp-check[91710]: info: :Done.
